2017-10-17 11:13:25 INFO  Swimmer:98 - Camille's turn
2017-10-17 11:13:25 INFO  Swimmer:108 - 	Camille trying to take resource from basket pool... success
2017-10-17 11:13:25 INFO  Swimmer:98 - Loïs's turn
2017-10-17 11:13:25 INFO  Swimmer:108 - 	Loïs trying to take resource from basket pool... success
2017-10-17 11:13:25 INFO  Swimmer:98 - Maé's turn
2017-10-17 11:13:25 INFO  Swimmer:108 - 	Maé trying to take resource from basket pool... success
2017-10-17 11:13:25 INFO  Swimmer:98 - Ange's turn
2017-10-17 11:13:25 INFO  Swimmer:108 - 	Ange trying to take resource from basket pool... success
2017-10-17 11:13:25 INFO  Swimmer:98 - Louison's turn
2017-10-17 11:13:25 INFO  Swimmer:108 - 	Louison trying to take resource from basket pool... success
2017-10-17 11:13:25 INFO  Swimmer:98 - Charlie's turn
2017-10-17 11:13:25 INFO  Swimmer:108 - 	Charlie trying to take resource from basket pool... success
2017-10-17 11:13:25 INFO  Swimmer:98 - Alexis's turn
2017-10-17 11:13:25 INFO  Swimmer:108 - 	Alexis trying to take resource from basket pool... failed
2017-10-17 11:13:25 INFO  Swimmer:98 - Camille's turn
2017-10-17 11:13:25 INFO  Swimmer:108 - 	Camille trying to take resource from cubicle pool... success
2017-10-17 11:13:25 INFO  Swimmer:98 - Loïs's turn
2017-10-17 11:13:25 INFO  Swimmer:108 - 	Loïs trying to take resource from cubicle pool... success
2017-10-17 11:13:25 INFO  Swimmer:98 - Maé's turn
2017-10-17 11:13:25 INFO  Swimmer:108 - 	Maé trying to take resource from cubicle pool... success
2017-10-17 11:13:25 INFO  Swimmer:98 - Ange's turn
2017-10-17 11:13:25 INFO  Swimmer:108 - 	Ange trying to take resource from cubicle pool... failed
2017-10-17 11:13:25 INFO  Swimmer:98 - Louison's turn
2017-10-17 11:13:25 INFO  Swimmer:108 - 	Louison trying to take resource from cubicle pool... failed
2017-10-17 11:13:25 INFO  Swimmer:98 - Charlie's turn
2017-10-17 11:13:25 INFO  Swimmer:108 - 	Charlie trying to take resource from cubicle pool... failed
2017-10-17 11:13:25 INFO  Swimmer:98 - Alexis's turn
2017-10-17 11:13:25 INFO  Swimmer:108 - 	Alexis trying to take resource from basket pool... failed
2017-10-17 11:13:25 INFO  Swimmer:98 - Camille's turn
2017-10-17 11:13:25 INFO  Swimmer:108 - 	undressing (1/6)
2017-10-17 11:13:25 INFO  Swimmer:98 - Loïs's turn
2017-10-17 11:13:25 INFO  Swimmer:108 - 	undressing (1/2)
2017-10-17 11:13:25 INFO  Swimmer:98 - Maé's turn
2017-10-17 11:13:25 INFO  Swimmer:108 - 	undressing (1/10)
2017-10-17 11:13:25 INFO  Swimmer:98 - Ange's turn
2017-10-17 11:13:25 INFO  Swimmer:108 - 	Ange trying to take resource from cubicle pool... failed
2017-10-17 11:13:25 INFO  Swimmer:98 - Louison's turn
2017-10-17 11:13:25 INFO  Swimmer:108 - 	Louison trying to take resource from cubicle pool... failed
2017-10-17 11:13:25 INFO  Swimmer:98 - Charlie's turn
2017-10-17 11:13:25 INFO  Swimmer:108 - 	Charlie trying to take resource from cubicle pool... failed
2017-10-17 11:13:25 INFO  Swimmer:98 - Alexis's turn
2017-10-17 11:13:25 INFO  Swimmer:108 - 	Alexis trying to take resource from basket pool... failed
2017-10-17 11:13:25 INFO  Swimmer:98 - Camille's turn
2017-10-17 11:13:25 INFO  Swimmer:108 - 	undressing (2/6)
2017-10-17 11:13:25 INFO  Swimmer:98 - Loïs's turn
2017-10-17 11:13:25 INFO  Swimmer:108 - 	undressing (2/2)
2017-10-17 11:13:25 INFO  Swimmer:98 - Maé's turn
2017-10-17 11:13:25 INFO  Swimmer:108 - 	undressing (2/10)
2017-10-17 11:13:25 INFO  Swimmer:98 - Ange's turn
2017-10-17 11:13:25 INFO  Swimmer:108 - 	Ange trying to take resource from cubicle pool... failed
2017-10-17 11:13:25 INFO  Swimmer:98 - Louison's turn
2017-10-17 11:13:25 INFO  Swimmer:108 - 	Louison trying to take resource from cubicle pool... failed
2017-10-17 11:13:25 INFO  Swimmer:98 - Charlie's turn
2017-10-17 11:13:25 INFO  Swimmer:108 - 	Charlie trying to take resource from cubicle pool... failed
2017-10-17 11:13:25 INFO  Swimmer:98 - Alexis's turn
2017-10-17 11:13:25 INFO  Swimmer:108 - 	Alexis trying to take resource from basket pool... failed
2017-10-17 11:13:25 INFO  Swimmer:98 - Camille's turn
2017-10-17 11:13:25 INFO  Swimmer:108 - 	undressing (3/6)
2017-10-17 11:13:25 INFO  Swimmer:98 - Loïs's turn
2017-10-17 11:13:25 INFO  Swimmer:108 - 	Loïs trying to take resource from cubicle pool... success
2017-10-17 11:13:25 INFO  Swimmer:98 - Maé's turn
2017-10-17 11:13:25 INFO  Swimmer:108 - 	undressing (3/10)
2017-10-17 11:13:25 INFO  Swimmer:98 - Ange's turn
2017-10-17 11:13:25 INFO  Swimmer:108 - 	Ange trying to take resource from cubicle pool... success
2017-10-17 11:13:25 INFO  Swimmer:98 - Louison's turn
2017-10-17 11:13:25 INFO  Swimmer:108 - 	Louison trying to take resource from cubicle pool... failed
2017-10-17 11:13:25 INFO  Swimmer:98 - Charlie's turn
2017-10-17 11:13:25 INFO  Swimmer:108 - 	Charlie trying to take resource from cubicle pool... failed
2017-10-17 11:13:25 INFO  Swimmer:98 - Alexis's turn
2017-10-17 11:13:25 INFO  Swimmer:108 - 	Alexis trying to take resource from basket pool... failed
2017-10-17 11:13:25 INFO  Swimmer:98 - Camille's turn
2017-10-17 11:13:25 INFO  Swimmer:108 - 	undressing (4/6)
2017-10-17 11:13:25 INFO  Swimmer:98 - Loïs's turn
2017-10-17 11:13:25 INFO  Swimmer:108 - 	swiming (1/10)
2017-10-17 11:13:25 INFO  Swimmer:98 - Maé's turn
2017-10-17 11:13:25 INFO  Swimmer:108 - 	undressing (4/10)
2017-10-17 11:13:25 INFO  Swimmer:98 - Ange's turn
2017-10-17 11:13:25 INFO  Swimmer:108 - 	undressing (1/3)
2017-10-17 11:13:25 INFO  Swimmer:98 - Louison's turn
2017-10-17 11:13:25 INFO  Swimmer:108 - 	Louison trying to take resource from cubicle pool... failed
2017-10-17 11:13:25 INFO  Swimmer:98 - Charlie's turn
2017-10-17 11:13:25 INFO  Swimmer:108 - 	Charlie trying to take resource from cubicle pool... failed
2017-10-17 11:13:25 INFO  Swimmer:98 - Alexis's turn
2017-10-17 11:13:25 INFO  Swimmer:108 - 	Alexis trying to take resource from basket pool... failed
2017-10-17 11:13:25 INFO  Swimmer:98 - Camille's turn
2017-10-17 11:13:25 INFO  Swimmer:108 - 	undressing (5/6)
2017-10-17 11:13:25 INFO  Swimmer:98 - Loïs's turn
2017-10-17 11:13:25 INFO  Swimmer:108 - 	swiming (2/10)
2017-10-17 11:13:25 INFO  Swimmer:98 - Maé's turn
2017-10-17 11:13:25 INFO  Swimmer:108 - 	undressing (5/10)
2017-10-17 11:13:25 INFO  Swimmer:98 - Ange's turn
2017-10-17 11:13:25 INFO  Swimmer:108 - 	undressing (2/3)
2017-10-17 11:13:25 INFO  Swimmer:98 - Louison's turn
2017-10-17 11:13:25 INFO  Swimmer:108 - 	Louison trying to take resource from cubicle pool... failed
2017-10-17 11:13:25 INFO  Swimmer:98 - Charlie's turn
2017-10-17 11:13:25 INFO  Swimmer:108 - 	Charlie trying to take resource from cubicle pool... failed
2017-10-17 11:13:25 INFO  Swimmer:98 - Alexis's turn
2017-10-17 11:13:25 INFO  Swimmer:108 - 	Alexis trying to take resource from basket pool... failed
2017-10-17 11:13:25 INFO  Swimmer:98 - Camille's turn
2017-10-17 11:13:25 INFO  Swimmer:108 - 	undressing (6/6)
2017-10-17 11:13:25 INFO  Swimmer:98 - Loïs's turn
2017-10-17 11:13:25 INFO  Swimmer:108 - 	swiming (3/10)
2017-10-17 11:13:25 INFO  Swimmer:98 - Maé's turn
2017-10-17 11:13:25 INFO  Swimmer:108 - 	undressing (6/10)
2017-10-17 11:13:25 INFO  Swimmer:98 - Ange's turn
2017-10-17 11:13:25 INFO  Swimmer:108 - 	undressing (3/3)
2017-10-17 11:13:25 INFO  Swimmer:98 - Louison's turn
2017-10-17 11:13:25 INFO  Swimmer:108 - 	Louison trying to take resource from cubicle pool... failed
2017-10-17 11:13:25 INFO  Swimmer:98 - Charlie's turn
2017-10-17 11:13:25 INFO  Swimmer:108 - 	Charlie trying to take resource from cubicle pool... failed
2017-10-17 11:13:25 INFO  Swimmer:98 - Alexis's turn
2017-10-17 11:13:25 INFO  Swimmer:108 - 	Alexis trying to take resource from basket pool... failed
2017-10-17 11:13:25 INFO  Swimmer:98 - Camille's turn
2017-10-17 11:13:25 INFO  Swimmer:108 - 	Camille trying to take resource from cubicle pool... success
2017-10-17 11:13:25 INFO  Swimmer:98 - Loïs's turn
2017-10-17 11:13:25 INFO  Swimmer:108 - 	swiming (4/10)
2017-10-17 11:13:25 INFO  Swimmer:98 - Maé's turn
2017-10-17 11:13:25 INFO  Swimmer:108 - 	undressing (7/10)
2017-10-17 11:13:25 INFO  Swimmer:98 - Ange's turn
2017-10-17 11:13:25 INFO  Swimmer:108 - 	Ange trying to take resource from cubicle pool... success
2017-10-17 11:13:25 INFO  Swimmer:98 - Louison's turn
2017-10-17 11:13:25 INFO  Swimmer:108 - 	Louison trying to take resource from cubicle pool... success
2017-10-17 11:13:25 INFO  Swimmer:98 - Charlie's turn
2017-10-17 11:13:25 INFO  Swimmer:108 - 	Charlie trying to take resource from cubicle pool... success
2017-10-17 11:13:25 INFO  Swimmer:98 - Alexis's turn
2017-10-17 11:13:25 INFO  Swimmer:108 - 	Alexis trying to take resource from basket pool... failed
2017-10-17 11:13:25 INFO  Swimmer:98 - Camille's turn
2017-10-17 11:13:25 INFO  Swimmer:108 - 	swiming (1/4)
2017-10-17 11:13:25 INFO  Swimmer:98 - Loïs's turn
2017-10-17 11:13:25 INFO  Swimmer:108 - 	swiming (5/10)
2017-10-17 11:13:25 INFO  Swimmer:98 - Maé's turn
2017-10-17 11:13:25 INFO  Swimmer:108 - 	undressing (8/10)
2017-10-17 11:13:25 INFO  Swimmer:98 - Ange's turn
2017-10-17 11:13:25 INFO  Swimmer:108 - 	swiming (1/7)
2017-10-17 11:13:25 INFO  Swimmer:98 - Louison's turn
2017-10-17 11:13:25 INFO  Swimmer:108 - 	undressing (1/18)
2017-10-17 11:13:25 INFO  Swimmer:98 - Charlie's turn
2017-10-17 11:13:25 INFO  Swimmer:108 - 	undressing (1/3)
2017-10-17 11:13:25 INFO  Swimmer:98 - Alexis's turn
2017-10-17 11:13:25 INFO  Swimmer:108 - 	Alexis trying to take resource from basket pool... failed
2017-10-17 11:13:25 INFO  Swimmer:98 - Camille's turn
2017-10-17 11:13:25 INFO  Swimmer:108 - 	swiming (2/4)
2017-10-17 11:13:25 INFO  Swimmer:98 - Loïs's turn
2017-10-17 11:13:25 INFO  Swimmer:108 - 	swiming (6/10)
2017-10-17 11:13:25 INFO  Swimmer:98 - Maé's turn
2017-10-17 11:13:25 INFO  Swimmer:108 - 	undressing (9/10)
2017-10-17 11:13:25 INFO  Swimmer:98 - Ange's turn
2017-10-17 11:13:25 INFO  Swimmer:108 - 	swiming (2/7)
2017-10-17 11:13:25 INFO  Swimmer:98 - Louison's turn
2017-10-17 11:13:25 INFO  Swimmer:108 - 	undressing (2/18)
2017-10-17 11:13:25 INFO  Swimmer:98 - Charlie's turn
2017-10-17 11:13:25 INFO  Swimmer:108 - 	undressing (2/3)
2017-10-17 11:13:25 INFO  Swimmer:98 - Alexis's turn
2017-10-17 11:13:25 INFO  Swimmer:108 - 	Alexis trying to take resource from basket pool... failed
2017-10-17 11:13:25 INFO  Swimmer:98 - Camille's turn
2017-10-17 11:13:25 INFO  Swimmer:108 - 	swiming (3/4)
2017-10-17 11:13:25 INFO  Swimmer:98 - Loïs's turn
2017-10-17 11:13:25 INFO  Swimmer:108 - 	swiming (7/10)
2017-10-17 11:13:25 INFO  Swimmer:98 - Maé's turn
2017-10-17 11:13:25 INFO  Swimmer:108 - 	undressing (10/10)
2017-10-17 11:13:25 INFO  Swimmer:98 - Ange's turn
2017-10-17 11:13:25 INFO  Swimmer:108 - 	swiming (3/7)
2017-10-17 11:13:25 INFO  Swimmer:98 - Louison's turn
2017-10-17 11:13:25 INFO  Swimmer:108 - 	undressing (3/18)
2017-10-17 11:13:25 INFO  Swimmer:98 - Charlie's turn
2017-10-17 11:13:25 INFO  Swimmer:108 - 	undressing (3/3)
2017-10-17 11:13:25 INFO  Swimmer:98 - Alexis's turn
2017-10-17 11:13:25 INFO  Swimmer:108 - 	Alexis trying to take resource from basket pool... failed
2017-10-17 11:13:25 INFO  Swimmer:98 - Camille's turn
2017-10-17 11:13:25 INFO  Swimmer:108 - 	swiming (4/4)
2017-10-17 11:13:25 INFO  Swimmer:98 - Loïs's turn
2017-10-17 11:13:25 INFO  Swimmer:108 - 	swiming (8/10)
2017-10-17 11:13:25 INFO  Swimmer:98 - Maé's turn
2017-10-17 11:13:25 INFO  Swimmer:108 - 	Maé trying to take resource from cubicle pool... success
2017-10-17 11:13:25 INFO  Swimmer:98 - Ange's turn
2017-10-17 11:13:25 INFO  Swimmer:108 - 	swiming (4/7)
2017-10-17 11:13:25 INFO  Swimmer:98 - Louison's turn
2017-10-17 11:13:25 INFO  Swimmer:108 - 	undressing (4/18)
2017-10-17 11:13:25 INFO  Swimmer:98 - Charlie's turn
2017-10-17 11:13:25 INFO  Swimmer:108 - 	Charlie trying to take resource from cubicle pool... success
2017-10-17 11:13:25 INFO  Swimmer:98 - Alexis's turn
2017-10-17 11:13:25 INFO  Swimmer:108 - 	Alexis trying to take resource from basket pool... failed
2017-10-17 11:13:25 INFO  Swimmer:98 - Camille's turn
2017-10-17 11:13:25 INFO  Swimmer:108 - 	Camille trying to take resource from cubicle pool... success
2017-10-17 11:13:25 INFO  Swimmer:98 - Loïs's turn
2017-10-17 11:13:25 INFO  Swimmer:108 - 	swiming (9/10)
2017-10-17 11:13:25 INFO  Swimmer:98 - Maé's turn
2017-10-17 11:13:25 INFO  Swimmer:108 - 	swiming (1/18)
2017-10-17 11:13:25 INFO  Swimmer:98 - Ange's turn
2017-10-17 11:13:25 INFO  Swimmer:108 - 	swiming (5/7)
2017-10-17 11:13:25 INFO  Swimmer:98 - Louison's turn
2017-10-17 11:13:25 INFO  Swimmer:108 - 	undressing (5/18)
2017-10-17 11:13:25 INFO  Swimmer:98 - Charlie's turn
2017-10-17 11:13:25 INFO  Swimmer:108 - 	swiming (1/6)
2017-10-17 11:13:25 INFO  Swimmer:98 - Alexis's turn
2017-10-17 11:13:25 INFO  Swimmer:108 - 	Alexis trying to take resource from basket pool... failed
2017-10-17 11:13:25 INFO  Swimmer:98 - Camille's turn
2017-10-17 11:13:25 INFO  Swimmer:108 - 	dressing (1/8)
2017-10-17 11:13:25 INFO  Swimmer:98 - Loïs's turn
2017-10-17 11:13:25 INFO  Swimmer:108 - 	swiming (10/10)
2017-10-17 11:13:25 INFO  Swimmer:98 - Maé's turn
2017-10-17 11:13:25 INFO  Swimmer:108 - 	swiming (2/18)
2017-10-17 11:13:25 INFO  Swimmer:98 - Ange's turn
2017-10-17 11:13:25 INFO  Swimmer:108 - 	swiming (6/7)
2017-10-17 11:13:25 INFO  Swimmer:98 - Louison's turn
2017-10-17 11:13:25 INFO  Swimmer:108 - 	undressing (6/18)
2017-10-17 11:13:25 INFO  Swimmer:98 - Charlie's turn
2017-10-17 11:13:25 INFO  Swimmer:108 - 	swiming (2/6)
2017-10-17 11:13:25 INFO  Swimmer:98 - Alexis's turn
2017-10-17 11:13:25 INFO  Swimmer:108 - 	Alexis trying to take resource from basket pool... failed
2017-10-17 11:13:25 INFO  Swimmer:98 - Camille's turn
2017-10-17 11:13:25 INFO  Swimmer:108 - 	dressing (2/8)
2017-10-17 11:13:25 INFO  Swimmer:98 - Loïs's turn
2017-10-17 11:13:25 INFO  Swimmer:108 - 	Loïs trying to take resource from cubicle pool... success
2017-10-17 11:13:25 INFO  Swimmer:98 - Maé's turn
2017-10-17 11:13:25 INFO  Swimmer:108 - 	swiming (3/18)
2017-10-17 11:13:25 INFO  Swimmer:98 - Ange's turn
2017-10-17 11:13:25 INFO  Swimmer:108 - 	swiming (7/7)
2017-10-17 11:13:25 INFO  Swimmer:98 - Louison's turn
2017-10-17 11:13:25 INFO  Swimmer:108 - 	undressing (7/18)
2017-10-17 11:13:25 INFO  Swimmer:98 - Charlie's turn
2017-10-17 11:13:25 INFO  Swimmer:108 - 	swiming (3/6)
2017-10-17 11:13:25 INFO  Swimmer:98 - Alexis's turn
2017-10-17 11:13:25 INFO  Swimmer:108 - 	Alexis trying to take resource from basket pool... failed
2017-10-17 11:13:25 INFO  Swimmer:98 - Camille's turn
2017-10-17 11:13:25 INFO  Swimmer:108 - 	dressing (3/8)
2017-10-17 11:13:25 INFO  Swimmer:98 - Loïs's turn
2017-10-17 11:13:25 INFO  Swimmer:108 - 	dressing (1/4)
2017-10-17 11:13:25 INFO  Swimmer:98 - Maé's turn
2017-10-17 11:13:25 INFO  Swimmer:108 - 	swiming (4/18)
2017-10-17 11:13:25 INFO  Swimmer:98 - Ange's turn
2017-10-17 11:13:25 INFO  Swimmer:108 - 	Ange trying to take resource from cubicle pool... failed
2017-10-17 11:13:25 INFO  Swimmer:98 - Louison's turn
2017-10-17 11:13:25 INFO  Swimmer:108 - 	undressing (8/18)
2017-10-17 11:13:25 INFO  Swimmer:98 - Charlie's turn
2017-10-17 11:13:25 INFO  Swimmer:108 - 	swiming (4/6)
2017-10-17 11:13:25 INFO  Swimmer:98 - Alexis's turn
2017-10-17 11:13:25 INFO  Swimmer:108 - 	Alexis trying to take resource from basket pool... failed
2017-10-17 11:13:25 INFO  Swimmer:98 - Camille's turn
2017-10-17 11:13:25 INFO  Swimmer:108 - 	dressing (4/8)
2017-10-17 11:13:25 INFO  Swimmer:98 - Loïs's turn
2017-10-17 11:13:25 INFO  Swimmer:108 - 	dressing (2/4)
2017-10-17 11:13:25 INFO  Swimmer:98 - Maé's turn
2017-10-17 11:13:25 INFO  Swimmer:108 - 	swiming (5/18)
2017-10-17 11:13:25 INFO  Swimmer:98 - Ange's turn
2017-10-17 11:13:25 INFO  Swimmer:108 - 	Ange trying to take resource from cubicle pool... failed
2017-10-17 11:13:25 INFO  Swimmer:98 - Louison's turn
2017-10-17 11:13:25 INFO  Swimmer:108 - 	undressing (9/18)
2017-10-17 11:13:25 INFO  Swimmer:98 - Charlie's turn
2017-10-17 11:13:25 INFO  Swimmer:108 - 	swiming (5/6)
2017-10-17 11:13:25 INFO  Swimmer:98 - Alexis's turn
2017-10-17 11:13:25 INFO  Swimmer:108 - 	Alexis trying to take resource from basket pool... failed
2017-10-17 11:13:25 INFO  Swimmer:98 - Camille's turn
2017-10-17 11:13:25 INFO  Swimmer:108 - 	dressing (5/8)
2017-10-17 11:13:25 INFO  Swimmer:98 - Loïs's turn
2017-10-17 11:13:25 INFO  Swimmer:108 - 	dressing (3/4)
2017-10-17 11:13:25 INFO  Swimmer:98 - Maé's turn
2017-10-17 11:13:25 INFO  Swimmer:108 - 	swiming (6/18)
2017-10-17 11:13:25 INFO  Swimmer:98 - Ange's turn
2017-10-17 11:13:25 INFO  Swimmer:108 - 	Ange trying to take resource from cubicle pool... failed
2017-10-17 11:13:25 INFO  Swimmer:98 - Louison's turn
2017-10-17 11:13:25 INFO  Swimmer:108 - 	undressing (10/18)
2017-10-17 11:13:25 INFO  Swimmer:98 - Charlie's turn
2017-10-17 11:13:25 INFO  Swimmer:108 - 	swiming (6/6)
2017-10-17 11:13:25 INFO  Swimmer:98 - Alexis's turn
2017-10-17 11:13:25 INFO  Swimmer:108 - 	Alexis trying to take resource from basket pool... failed
2017-10-17 11:13:25 INFO  Swimmer:98 - Camille's turn
2017-10-17 11:13:25 INFO  Swimmer:108 - 	dressing (6/8)
2017-10-17 11:13:25 INFO  Swimmer:98 - Loïs's turn
2017-10-17 11:13:25 INFO  Swimmer:108 - 	dressing (4/4)
2017-10-17 11:13:25 INFO  Swimmer:98 - Maé's turn
2017-10-17 11:13:25 INFO  Swimmer:108 - 	swiming (7/18)
2017-10-17 11:13:25 INFO  Swimmer:98 - Ange's turn
2017-10-17 11:13:25 INFO  Swimmer:108 - 	Ange trying to take resource from cubicle pool... failed
2017-10-17 11:13:25 INFO  Swimmer:98 - Louison's turn
2017-10-17 11:13:25 INFO  Swimmer:108 - 	undressing (11/18)
2017-10-17 11:13:25 INFO  Swimmer:98 - Charlie's turn
2017-10-17 11:13:25 INFO  Swimmer:108 - 	Charlie trying to take resource from cubicle pool... failed
2017-10-17 11:13:25 INFO  Swimmer:98 - Alexis's turn
2017-10-17 11:13:25 INFO  Swimmer:108 - 	Alexis trying to take resource from basket pool... failed
2017-10-17 11:13:25 INFO  Swimmer:98 - Camille's turn
2017-10-17 11:13:25 INFO  Swimmer:108 - 	dressing (7/8)
2017-10-17 11:13:25 INFO  Swimmer:98 - Loïs's turn
2017-10-17 11:13:25 INFO  Swimmer:108 - 	Loïs trying to take resource from basket pool... success
2017-10-17 11:13:25 INFO  Swimmer:98 - Maé's turn
2017-10-17 11:13:25 INFO  Swimmer:108 - 	swiming (8/18)
2017-10-17 11:13:25 INFO  Swimmer:98 - Ange's turn
2017-10-17 11:13:25 INFO  Swimmer:108 - 	Ange trying to take resource from cubicle pool... failed
2017-10-17 11:13:25 INFO  Swimmer:98 - Louison's turn
2017-10-17 11:13:25 INFO  Swimmer:108 - 	undressing (12/18)
2017-10-17 11:13:25 INFO  Swimmer:98 - Charlie's turn
2017-10-17 11:13:25 INFO  Swimmer:108 - 	Charlie trying to take resource from cubicle pool... failed
2017-10-17 11:13:25 INFO  Swimmer:98 - Alexis's turn
2017-10-17 11:13:25 INFO  Swimmer:108 - 	Alexis trying to take resource from basket pool... success
2017-10-17 11:13:25 INFO  Swimmer:98 - Camille's turn
2017-10-17 11:13:25 INFO  Swimmer:108 - 	dressing (8/8)
2017-10-17 11:13:25 INFO  Swimmer:98 - Loïs's turn
2017-10-17 11:13:25 INFO  Swimmer:108 - 	Loïs trying to take resource from cubicle pool... success
2017-10-17 11:13:25 INFO  Swimmer:98 - Maé's turn
2017-10-17 11:13:25 INFO  Swimmer:108 - 	swiming (9/18)
2017-10-17 11:13:25 INFO  Swimmer:98 - Ange's turn
2017-10-17 11:13:25 INFO  Swimmer:108 - 	Ange trying to take resource from cubicle pool... success
2017-10-17 11:13:25 INFO  Swimmer:98 - Louison's turn
2017-10-17 11:13:25 INFO  Swimmer:108 - 	undressing (13/18)
2017-10-17 11:13:25 INFO  Swimmer:98 - Charlie's turn
2017-10-17 11:13:25 INFO  Swimmer:108 - 	Charlie trying to take resource from cubicle pool... failed
2017-10-17 11:13:25 INFO  Swimmer:98 - Alexis's turn
2017-10-17 11:13:25 INFO  Swimmer:108 - 	Alexis trying to take resource from cubicle pool... failed
2017-10-17 11:13:25 INFO  Swimmer:98 - Camille's turn
2017-10-17 11:13:25 INFO  Swimmer:108 - 	Camille trying to take resource from basket pool... success
2017-10-17 11:13:25 INFO  Swimmer:98 - Maé's turn
2017-10-17 11:13:25 INFO  Swimmer:108 - 	swiming (10/18)
2017-10-17 11:13:25 INFO  Swimmer:98 - Ange's turn
2017-10-17 11:13:25 INFO  Swimmer:108 - 	dressing (1/5)
2017-10-17 11:13:25 INFO  Swimmer:98 - Louison's turn
2017-10-17 11:13:25 INFO  Swimmer:108 - 	undressing (14/18)
2017-10-17 11:13:25 INFO  Swimmer:98 - Charlie's turn
2017-10-17 11:13:25 INFO  Swimmer:108 - 	Charlie trying to take resource from cubicle pool... failed
2017-10-17 11:13:25 INFO  Swimmer:98 - Alexis's turn
2017-10-17 11:13:25 INFO  Swimmer:108 - 	Alexis trying to take resource from cubicle pool... failed
2017-10-17 11:13:25 INFO  Swimmer:98 - Camille's turn
2017-10-17 11:13:25 INFO  Swimmer:108 - 	Camille trying to take resource from cubicle pool... success
2017-10-17 11:13:25 INFO  Swimmer:98 - Maé's turn
2017-10-17 11:13:25 INFO  Swimmer:108 - 	swiming (11/18)
2017-10-17 11:13:25 INFO  Swimmer:98 - Ange's turn
2017-10-17 11:13:25 INFO  Swimmer:108 - 	dressing (2/5)
2017-10-17 11:13:25 INFO  Swimmer:98 - Louison's turn
2017-10-17 11:13:25 INFO  Swimmer:108 - 	undressing (15/18)
2017-10-17 11:13:25 INFO  Swimmer:98 - Charlie's turn
2017-10-17 11:13:25 INFO  Swimmer:108 - 	Charlie trying to take resource from cubicle pool... success
2017-10-17 11:13:25 INFO  Swimmer:98 - Alexis's turn
2017-10-17 11:13:25 INFO  Swimmer:108 - 	Alexis trying to take resource from cubicle pool... failed
2017-10-17 11:13:25 INFO  Swimmer:98 - Maé's turn
2017-10-17 11:13:25 INFO  Swimmer:108 - 	swiming (12/18)
2017-10-17 11:13:25 INFO  Swimmer:98 - Ange's turn
2017-10-17 11:13:25 INFO  Swimmer:108 - 	dressing (3/5)
2017-10-17 11:13:25 INFO  Swimmer:98 - Louison's turn
2017-10-17 11:13:25 INFO  Swimmer:108 - 	undressing (16/18)
2017-10-17 11:13:25 INFO  Swimmer:98 - Charlie's turn
2017-10-17 11:13:25 INFO  Swimmer:108 - 	dressing (1/10)
2017-10-17 11:13:25 INFO  Swimmer:98 - Alexis's turn
2017-10-17 11:13:25 INFO  Swimmer:108 - 	Alexis trying to take resource from cubicle pool... failed
2017-10-17 11:13:25 INFO  Swimmer:98 - Maé's turn
2017-10-17 11:13:25 INFO  Swimmer:108 - 	swiming (13/18)
2017-10-17 11:13:25 INFO  Swimmer:98 - Ange's turn
2017-10-17 11:13:25 INFO  Swimmer:108 - 	dressing (4/5)
2017-10-17 11:13:25 INFO  Swimmer:98 - Louison's turn
2017-10-17 11:13:25 INFO  Swimmer:108 - 	undressing (17/18)
2017-10-17 11:13:25 INFO  Swimmer:98 - Charlie's turn
2017-10-17 11:13:25 INFO  Swimmer:108 - 	dressing (2/10)
2017-10-17 11:13:25 INFO  Swimmer:98 - Alexis's turn
2017-10-17 11:13:25 INFO  Swimmer:108 - 	Alexis trying to take resource from cubicle pool... failed
2017-10-17 11:13:25 INFO  Swimmer:98 - Maé's turn
2017-10-17 11:13:25 INFO  Swimmer:108 - 	swiming (14/18)
2017-10-17 11:13:25 INFO  Swimmer:98 - Ange's turn
2017-10-17 11:13:25 INFO  Swimmer:108 - 	dressing (5/5)
2017-10-17 11:13:25 INFO  Swimmer:98 - Louison's turn
2017-10-17 11:13:25 INFO  Swimmer:108 - 	undressing (18/18)
2017-10-17 11:13:25 INFO  Swimmer:98 - Charlie's turn
2017-10-17 11:13:25 INFO  Swimmer:108 - 	dressing (3/10)
2017-10-17 11:13:25 INFO  Swimmer:98 - Alexis's turn
2017-10-17 11:13:25 INFO  Swimmer:108 - 	Alexis trying to take resource from cubicle pool... failed
2017-10-17 11:13:25 INFO  Swimmer:98 - Maé's turn
2017-10-17 11:13:25 INFO  Swimmer:108 - 	swiming (15/18)
2017-10-17 11:13:25 INFO  Swimmer:98 - Ange's turn
2017-10-17 11:13:25 INFO  Swimmer:108 - 	Ange trying to take resource from basket pool... success
2017-10-17 11:13:25 INFO  Swimmer:98 - Louison's turn
2017-10-17 11:13:25 INFO  Swimmer:108 - 	Louison trying to take resource from cubicle pool... success
2017-10-17 11:13:25 INFO  Swimmer:98 - Charlie's turn
2017-10-17 11:13:25 INFO  Swimmer:108 - 	dressing (4/10)
2017-10-17 11:13:25 INFO  Swimmer:98 - Alexis's turn
2017-10-17 11:13:25 INFO  Swimmer:108 - 	Alexis trying to take resource from cubicle pool... success
2017-10-17 11:13:25 INFO  Swimmer:98 - Maé's turn
2017-10-17 11:13:25 INFO  Swimmer:108 - 	swiming (16/18)
2017-10-17 11:13:25 INFO  Swimmer:98 - Ange's turn
2017-10-17 11:13:25 INFO  Swimmer:108 - 	Ange trying to take resource from cubicle pool... success
2017-10-17 11:13:25 INFO  Swimmer:98 - Louison's turn
2017-10-17 11:13:25 INFO  Swimmer:108 - 	swiming (1/3)
2017-10-17 11:13:25 INFO  Swimmer:98 - Charlie's turn
2017-10-17 11:13:25 INFO  Swimmer:108 - 	dressing (5/10)
2017-10-17 11:13:25 INFO  Swimmer:98 - Alexis's turn
2017-10-17 11:13:25 INFO  Swimmer:108 - 	undressing (1/6)
2017-10-17 11:13:25 INFO  Swimmer:98 - Maé's turn
2017-10-17 11:13:25 INFO  Swimmer:108 - 	swiming (17/18)
2017-10-17 11:13:25 INFO  Swimmer:98 - Louison's turn
2017-10-17 11:13:25 INFO  Swimmer:108 - 	swiming (2/3)
2017-10-17 11:13:25 INFO  Swimmer:98 - Charlie's turn
2017-10-17 11:13:25 INFO  Swimmer:108 - 	dressing (6/10)
2017-10-17 11:13:25 INFO  Swimmer:98 - Alexis's turn
2017-10-17 11:13:25 INFO  Swimmer:108 - 	undressing (2/6)
2017-10-17 11:13:25 INFO  Swimmer:98 - Maé's turn
2017-10-17 11:13:25 INFO  Swimmer:108 - 	swiming (18/18)
2017-10-17 11:13:25 INFO  Swimmer:98 - Louison's turn
2017-10-17 11:13:25 INFO  Swimmer:108 - 	swiming (3/3)
2017-10-17 11:13:25 INFO  Swimmer:98 - Charlie's turn
2017-10-17 11:13:25 INFO  Swimmer:108 - 	dressing (7/10)
2017-10-17 11:13:25 INFO  Swimmer:98 - Alexis's turn
2017-10-17 11:13:25 INFO  Swimmer:108 - 	undressing (3/6)
2017-10-17 11:13:25 INFO  Swimmer:98 - Maé's turn
2017-10-17 11:13:25 INFO  Swimmer:108 - 	Maé trying to take resource from cubicle pool... success
2017-10-17 11:13:25 INFO  Swimmer:98 - Louison's turn
2017-10-17 11:13:25 INFO  Swimmer:108 - 	Louison trying to take resource from cubicle pool... failed
2017-10-17 11:13:25 INFO  Swimmer:98 - Charlie's turn
2017-10-17 11:13:25 INFO  Swimmer:108 - 	dressing (8/10)
2017-10-17 11:13:25 INFO  Swimmer:98 - Alexis's turn
2017-10-17 11:13:25 INFO  Swimmer:108 - 	undressing (4/6)
2017-10-17 11:13:25 INFO  Swimmer:98 - Maé's turn
2017-10-17 11:13:25 INFO  Swimmer:108 - 	dressing (1/10)
2017-10-17 11:13:25 INFO  Swimmer:98 - Louison's turn
2017-10-17 11:13:25 INFO  Swimmer:108 - 	Louison trying to take resource from cubicle pool... failed
2017-10-17 11:13:25 INFO  Swimmer:98 - Charlie's turn
2017-10-17 11:13:25 INFO  Swimmer:108 - 	dressing (9/10)
2017-10-17 11:13:25 INFO  Swimmer:98 - Alexis's turn
2017-10-17 11:13:25 INFO  Swimmer:108 - 	undressing (5/6)
2017-10-17 11:13:25 INFO  Swimmer:98 - Maé's turn
2017-10-17 11:13:25 INFO  Swimmer:108 - 	dressing (2/10)
2017-10-17 11:13:25 INFO  Swimmer:98 - Louison's turn
2017-10-17 11:13:25 INFO  Swimmer:108 - 	Louison trying to take resource from cubicle pool... failed
2017-10-17 11:13:25 INFO  Swimmer:98 - Charlie's turn
2017-10-17 11:13:25 INFO  Swimmer:108 - 	dressing (10/10)
2017-10-17 11:13:25 INFO  Swimmer:98 - Alexis's turn
2017-10-17 11:13:25 INFO  Swimmer:108 - 	undressing (6/6)
2017-10-17 11:13:25 INFO  Swimmer:98 - Maé's turn
2017-10-17 11:13:25 INFO  Swimmer:108 - 	dressing (3/10)
2017-10-17 11:13:25 INFO  Swimmer:98 - Louison's turn
2017-10-17 11:13:25 INFO  Swimmer:108 - 	Louison trying to take resource from cubicle pool... failed
2017-10-17 11:13:25 INFO  Swimmer:98 - Charlie's turn
2017-10-17 11:13:25 INFO  Swimmer:108 - 	Charlie trying to take resource from basket pool... success
2017-10-17 11:13:25 INFO  Swimmer:98 - Alexis's turn
2017-10-17 11:13:25 INFO  Swimmer:108 - 	Alexis trying to take resource from cubicle pool... success
2017-10-17 11:13:25 INFO  Swimmer:98 - Maé's turn
2017-10-17 11:13:25 INFO  Swimmer:108 - 	dressing (4/10)
2017-10-17 11:13:25 INFO  Swimmer:98 - Louison's turn
2017-10-17 11:13:25 INFO  Swimmer:108 - 	Louison trying to take resource from cubicle pool... success
2017-10-17 11:13:25 INFO  Swimmer:98 - Charlie's turn
2017-10-17 11:13:25 INFO  Swimmer:108 - 	Charlie trying to take resource from cubicle pool... success
2017-10-17 11:13:25 INFO  Swimmer:98 - Alexis's turn
2017-10-17 11:13:25 INFO  Swimmer:108 - 	swiming (1/5)
2017-10-17 11:13:25 INFO  Swimmer:98 - Maé's turn
2017-10-17 11:13:25 INFO  Swimmer:108 - 	dressing (5/10)
2017-10-17 11:13:25 INFO  Swimmer:98 - Louison's turn
2017-10-17 11:13:25 INFO  Swimmer:108 - 	dressing (1/3)
2017-10-17 11:13:25 INFO  Swimmer:98 - Alexis's turn
2017-10-17 11:13:25 INFO  Swimmer:108 - 	swiming (2/5)
2017-10-17 11:13:25 INFO  Swimmer:98 - Maé's turn
2017-10-17 11:13:25 INFO  Swimmer:108 - 	dressing (6/10)
2017-10-17 11:13:25 INFO  Swimmer:98 - Louison's turn
2017-10-17 11:13:25 INFO  Swimmer:108 - 	dressing (2/3)
2017-10-17 11:13:25 INFO  Swimmer:98 - Alexis's turn
2017-10-17 11:13:25 INFO  Swimmer:108 - 	swiming (3/5)
2017-10-17 11:13:25 INFO  Swimmer:98 - Maé's turn
2017-10-17 11:13:25 INFO  Swimmer:108 - 	dressing (7/10)
2017-10-17 11:13:25 INFO  Swimmer:98 - Louison's turn
2017-10-17 11:13:25 INFO  Swimmer:108 - 	dressing (3/3)
2017-10-17 11:13:25 INFO  Swimmer:98 - Alexis's turn
2017-10-17 11:13:25 INFO  Swimmer:108 - 	swiming (4/5)
2017-10-17 11:13:25 INFO  Swimmer:98 - Maé's turn
2017-10-17 11:13:25 INFO  Swimmer:108 - 	dressing (8/10)
2017-10-17 11:13:25 INFO  Swimmer:98 - Louison's turn
2017-10-17 11:13:25 INFO  Swimmer:108 - 	Louison trying to take resource from basket pool... success
2017-10-17 11:13:25 INFO  Swimmer:98 - Alexis's turn
2017-10-17 11:13:25 INFO  Swimmer:108 - 	swiming (5/5)
2017-10-17 11:13:25 INFO  Swimmer:98 - Maé's turn
2017-10-17 11:13:25 INFO  Swimmer:108 - 	dressing (9/10)
2017-10-17 11:13:25 INFO  Swimmer:98 - Louison's turn
2017-10-17 11:13:25 INFO  Swimmer:108 - 	Louison trying to take resource from cubicle pool... success
2017-10-17 11:13:25 INFO  Swimmer:98 - Alexis's turn
2017-10-17 11:13:25 INFO  Swimmer:108 - 	Alexis trying to take resource from cubicle pool... success
2017-10-17 11:13:25 INFO  Swimmer:98 - Maé's turn
2017-10-17 11:13:25 INFO  Swimmer:108 - 	dressing (10/10)
2017-10-17 11:13:25 INFO  Swimmer:98 - Alexis's turn
2017-10-17 11:13:25 INFO  Swimmer:108 - 	dressing (1/7)
2017-10-17 11:13:25 INFO  Swimmer:98 - Maé's turn
2017-10-17 11:13:25 INFO  Swimmer:108 - 	Maé trying to take resource from basket pool... success
2017-10-17 11:13:25 INFO  Swimmer:98 - Alexis's turn
2017-10-17 11:13:25 INFO  Swimmer:108 - 	dressing (2/7)
2017-10-17 11:13:25 INFO  Swimmer:98 - Maé's turn
2017-10-17 11:13:25 INFO  Swimmer:108 - 	Maé trying to take resource from cubicle pool... success
2017-10-17 11:13:25 INFO  Swimmer:98 - Alexis's turn
2017-10-17 11:13:25 INFO  Swimmer:108 - 	dressing (3/7)
2017-10-17 11:13:25 INFO  Swimmer:98 - Alexis's turn
2017-10-17 11:13:25 INFO  Swimmer:108 - 	dressing (4/7)
2017-10-17 11:13:25 INFO  Swimmer:98 - Alexis's turn
2017-10-17 11:13:25 INFO  Swimmer:108 - 	dressing (5/7)
2017-10-17 11:13:25 INFO  Swimmer:98 - Alexis's turn
2017-10-17 11:13:25 INFO  Swimmer:108 - 	dressing (6/7)
2017-10-17 11:13:25 INFO  Swimmer:98 - Alexis's turn
2017-10-17 11:13:25 INFO  Swimmer:108 - 	dressing (7/7)
2017-10-17 11:13:25 INFO  Swimmer:98 - Alexis's turn
2017-10-17 11:13:25 INFO  Swimmer:108 - 	Alexis trying to take resource from basket pool... success
2017-10-17 11:13:25 INFO  Swimmer:98 - Alexis's turn
2017-10-17 11:13:25 INFO  Swimmer:108 - 	Alexis trying to take resource from cubicle pool... success
